<?xml version="1.0" encoding="UTF-8"?>
<testng-results total="2" passed="2" failed="0" skipped="0">
  <reporter-output>
  </reporter-output>
  <suite started-at="2024-03-26T16:46:28Z" name="suite 51" finished-at="2024-03-26T16:46:40Z" duration-ms="12077">
    <groups>
    </groups>
    <test started-at="2024-03-26T16:46:28Z" name="Default test" finished-at="2024-03-26T16:46:40Z" duration-ms="12077">
      <class name="test.AutomationExerciceLoginTest">
        <test-method is-config="true" signature="initialize()[pri:0, instance:test.AutomationExerciceLoginTest@7966baa7]" started-at="2024-03-26T17:46:28Z" name="initialize" finished-at="2024-03-26T17:46:32Z" duration-ms="4184" status="PASS">
          <reporter-output>
          </reporter-output>
        </test-method> <!-- initialize -->
        <test-method signature="userloginWitnIvalidPassword()[pri:0, instance:test.AutomationExerciceLoginTest@7966baa7]" started-at="2024-03-26T17:46:32Z" name="userloginWitnIvalidPassword" finished-at="2024-03-26T17:46:36Z" duration-ms="3737" status="PASS">
          <reporter-output>
          </reporter-output>
        </test-method> <!-- userloginWitnIvalidPassword -->
        <test-method signature="userloginWitnIvalidPassword_Methode2()[pri:0, instance:test.AutomationExerciceLoginTest@7966baa7]" started-at="2024-03-26T17:46:36Z" name="userloginWitnIvalidPassword_Methode2" finished-at="2024-03-26T17:46:40Z" duration-ms="3894" status="PASS">
          <reporter-output>
          </reporter-output>
        </test-method> <!-- userloginWitnIvalidPassword_Methode2 -->
        <test-method is-config="true" signature="TeardownTest()[pri:0, instance:test.AutomationExerciceLoginTest@7966baa7]" started-at="2024-03-26T17:46:40Z" name="TeardownTest" finished-at="2024-03-26T17:46:40Z" duration-ms="216" status="PASS">
          <reporter-output>
          </reporter-output>
        </test-method> <!-- TeardownTest -->
      </class> <!-- test.AutomationExerciceLoginTest -->
    </test> <!-- Default test -->
  </suite> <!-- suite 51 -->
</testng-results>
