<?xml version="1.0" encoding="UTF-8"?>
<testng-results total="2" passed="2" failed="0" skipped="0">
  <reporter-output>
  </reporter-output>
  <suite started-at="2024-08-27T18:26:24Z" name="suite 51" finished-at="2024-08-27T18:26:46Z" duration-ms="21969">
    <groups>
    </groups>
    <test started-at="2024-08-27T18:26:24Z" name="Default test" finished-at="2024-08-27T18:26:46Z" duration-ms="21969">
      <class name="test.AutomationExerciceLoginTest">
        <test-method is-config="true" signature="initialize()[pri:0, instance:test.AutomationExerciceLoginTest@53142455]" started-at="2024-08-27T20:26:24Z" name="initialize" finished-at="2024-08-27T20:26:40Z" duration-ms="15494" status="PASS">
          <reporter-output>
          </reporter-output>
        </test-method> <!-- initialize -->
        <test-method signature="userloginWitnIvalidPassword()[pri:0, instance:test.AutomationExerciceLoginTest@53142455]" started-at="2024-08-27T20:26:40Z" name="userloginWitnIvalidPassword" finished-at="2024-08-27T20:26:43Z" duration-ms="3670" status="PASS">
          <reporter-output>
          </reporter-output>
        </test-method> <!-- userloginWitnIvalidPassword -->
        <test-method signature="userloginWitnIvalidPassword_Methode2()[pri:0, instance:test.AutomationExerciceLoginTest@53142455]" started-at="2024-08-27T20:26:44Z" name="userloginWitnIvalidPassword_Methode2" finished-at="2024-08-27T20:26:46Z" duration-ms="2785" status="PASS">
          <reporter-output>
          </reporter-output>
        </test-method> <!-- userloginWitnIvalidPassword_Methode2 -->
        <test-method is-config="true" signature="TeardownTest()[pri:0, instance:test.AutomationExerciceLoginTest@53142455]" started-at="2024-08-27T20:26:46Z" name="TeardownTest" finished-at="2024-08-27T20:26:46Z" duration-ms="0" status="PASS">
          <reporter-output>
          </reporter-output>
        </test-method> <!-- TeardownTest -->
      </class> <!-- test.AutomationExerciceLoginTest -->
    </test> <!-- Default test -->
  </suite> <!-- suite 51 -->
</testng-results>
