<?xml version="1.0" encoding="UTF-8"?>
<!-- Generated by org.testng.reporters.JUnitXMLReporter -->
<testsuite hostname="DESKTOP-QJAM0GO" failures="0" tests="2" name="Default test" time="18.958" errors="0" timestamp="28 Jun 2024 15:04:49 GMT">
  <testcase classname="test.AutomationExerciceLoginTest" name="userloginWitnIvalidPassword" time="7.397"/>
  <testcase classname="test.AutomationExerciceLoginTest" name="userloginWitnIvalidPassword_Methode2" time="5.97"/>
</testsuite> <!-- Default test -->
