<?xml version="1.0" encoding="UTF-8"?>
<!-- Generated by org.testng.reporters.JUnitXMLReporter -->
<testsuite hostname="DESKTOP-QJAM0GO" failures="0" tests="2" name="Default test" time="21.969" errors="0" timestamp="27 Aug 2024 18:26:46 GMT">
  <testcase classname="test.AutomationExerciceLoginTest" name="userloginWitnIvalidPassword" time="3.67"/>
  <testcase classname="test.AutomationExerciceLoginTest" name="userloginWitnIvalidPassword_Methode2" time="2.785"/>
</testsuite> <!-- Default test -->
